<?xml version="1.0" encoding="UTF-8"?>
<!-- Generated by org.testng.reporters.JUnitReportReporter -->
<testsuite skipped="0" hostname="DESKTOP-6A7BK1O" name="com.qa.test.GetApiTest" tests="1" failures="0" timestamp="25 Feb 2020 17:53:11 GMT" time="2.395" errors="0">
  <testcase name="getTest" time="2.395" classname="com.qa.test.GetApiTest"/>
</testsuite> <!-- com.qa.test.GetApiTest -->
